<?xml version="1.0" encoding="UTF-8"?>
<testng-results skipped="0" failed="0" ignored="0" total="1" passed="1">
  <reporter-output>
  </reporter-output>
  <suite name="Default suite" duration-ms="7493" started-at="2018-12-08T18:14:54Z" finished-at="2018-12-08T18:15:02Z">
    <groups>
    </groups>
    <test name="Default test" duration-ms="7493" started-at="2018-12-08T18:14:54Z" finished-at="2018-12-08T18:15:02Z">
      <class name="HomeWork.Google">
        <test-method status="PASS" signature="GoogleTest()[pri:0, instance:HomeWork.Google@4d3167f4]" name="GoogleTest" duration-ms="7454" started-at="2018-12-08T18:14:54Z" finished-at="2018-12-08T18:15:02Z">
          <reporter-output>
          </reporter-output>
        </test-method> <!-- GoogleTest -->
      </class> <!-- HomeWork.Google -->
    </test> <!-- Default test -->
  </suite> <!-- Default suite -->
</testng-results>
